Locknest/libstreaming/build/intermediates/manifest_merge_blame_file/debug/manifest-merger-blame-debug-report.txt
1<?xml version="1.0" encoding="utf-8"?>
2<manifest xmlns:android="http://schemas.android.com/apk/res/android"
3    package="net.majorkernelpanic.streaming"
4    android:versionCode="40"
5    android:versionName="4.0" >
6
7    <uses-sdk
7-->src/main/AndroidManifest.xml:6:5-7:41
8        android:minSdkVersion="14"
8-->src/main/AndroidManifest.xml:6:5-7:41
9        android:targetSdkVersion="19" />
9-->src/main/AndroidManifest.xml:7:9-38
10
11</manifest>